app/build/outputs/mapping/release/seeds.txt
co.easydanger.rockshambout.BartActivity
co.easydanger.rockshambout.BartActivity: BartActivity()
co.easydanger.rockshambout.ChooseActivity
co.easydanger.rockshambout.ChooseActivity: ChooseActivity()
co.easydanger.rockshambout.DannyActivity
co.easydanger.rockshambout.DannyActivity: DannyActivity()
co.easydanger.rockshambout.HannahActivity
co.easydanger.rockshambout.HannahActivity: HannahActivity()
co.easydanger.rockshambout.R$anim: int abc_fade_in
co.easydanger.rockshambout.R$anim: int abc_fade_out
co.easydanger.rockshambout.R$anim: int abc_grow_fade_in_from_bottom
co.easydanger.rockshambout.R$anim: int abc_popup_enter
co.easydanger.rockshambout.R$anim: int abc_popup_exit
co.easydanger.rockshambout.R$anim: int abc_shrink_fade_out_from_bottom
co.easydanger.rockshambout.R$anim: int abc_slide_in_bottom
co.easydanger.rockshambout.R$anim: int abc_slide_in_top
co.easydanger.rockshambout.R$anim: int abc_slide_out_bottom
co.easydanger.rockshambout.R$anim: int abc_slide_out_top
co.easydanger.rockshambout.R$anim: int abc_tooltip_enter
co.easydanger.rockshambout.R$anim: int abc_tooltip_exit
co.easydanger.rockshambout.R$attr: int actionBarDivider
co.easydanger.rockshambout.R$attr: int actionBarItemBackground
co.easydanger.rockshambout.R$attr: int actionBarPopupTheme
co.easydanger.rockshambout.R$attr: int actionBarSize
co.easydanger.rockshambout.R$attr: int actionBarSplitStyle
co.easydanger.rockshambout.R$attr: int actionBarStyle
co.easydanger.rockshambout.R$attr: int actionBarTabBarStyle
co.easydanger.rockshambout.R$attr: int actionBarTabStyle
co.easydanger.rockshambout.R$attr: int actionBarTabTextStyle
co.easydanger.rockshambout.R$attr: int actionBarTheme
co.easydanger.rockshambout.R$attr: int actionBarWidgetTheme
co.easydanger.rockshambout.R$attr: int actionButtonStyle
co.easydanger.rockshambout.R$attr: int actionDropDownStyle
co.easydanger.rockshambout.R$attr: int actionLayout
co.easydanger.rockshambout.R$attr: int actionMenuTextAppearance
co.easydanger.rockshambout.R$attr: int actionMenuTextColor
co.easydanger.rockshambout.R$attr: int actionModeBackground
co.easydanger.rockshambout.R$attr: int actionModeCloseButtonStyle
co.easydanger.rockshambout.R$attr: int actionModeCloseDrawable
co.easydanger.rockshambout.R$attr: int actionModeCopyDrawable
co.easydanger.rockshambout.R$attr: int actionModeCutDrawable
co.easydanger.rockshambout.R$attr: int actionModeFindDrawable
co.easydanger.rockshambout.R$attr: int actionModePasteDrawable
co.easydanger.rockshambout.R$attr: int actionModePopupWindowStyle
co.easydanger.rockshambout.R$attr: int actionModeSelectAllDrawable
co.easydanger.rockshambout.R$bool: int abc_action_bar_embed_tabs
co.easydanger.rockshambout.R$bool: int abc_allow_stacked_button_bar
co.easydanger.rockshambout.R$bool: int abc_config_actionMenuItemAllCaps
co.easydanger.rockshambout.R$bool: int abc_config_showMenuShortcutsWhenKeyboardPresent
...
android.support.v7.widget.AlertDialogLayout
android.support.v7.widget.AlertDialogLayout: AlertDialogLayout(android.content.Context)
android.support.v7.widget.AlertDialogLayout: AlertDialogLayout(android.content.Context,android.util.AttributeSet)
android.support.v7.widget.AppCompatAutoCompleteTextView: AppCompatAutoCompleteTextView(android.content.Context)
android.support.v7.widget.AppCompatAutoCompleteTextView: AppCompatAutoCompleteTextView(android.content.Context,android.util.AttributeSet)
android.support.v7.widget.AppCompatAutoCompleteTextView: AppCompatAutoCompleteTextView(android.content.Context,android.util.AttributeSet,int)
android.support.v7.widget.AppCompatAutoCompleteTextView: void setDropDownBackgroundResource(int)
android.support.v7.widget.AppCompatAutoCompleteTextView: void setBackgroundResource(int)
android.support.v7.widget.AppCompatAutoCompleteTextView: void setBackgroundDrawable(android.graphics.drawable.Drawable)
android.support.v7.widget.AppCompatAutoCompleteTextView: void setSupportBackgroundTintList(android.content.res.ColorStateList)
android.support.v7.widget.AppCompatAutoCompleteTextView: android.content.res.ColorStateList getSupportBackgroundTintList()
android.support.v7.widget.AppCompatAutoCompleteTextView: void setSupportBackgroundTintMode(android.graphics.PorterDuff$Mode)
android.support.v7.widget.AppCompatAutoCompleteTextView: android.graphics.PorterDuff$Mode getSupportBackgroundTintMode()
android.support.v7.widget.AppCompatButton: void setBackgroundResource(int)
android.support.v7.widget.AppCompatButton: void setBackgroundDrawable(android.graphics.drawable.Drawable)
android.support.v7.widget.AppCompatButton: void setSupportBackgroundTintList(android.content.res.ColorStateList)
android.support.v7.widget.AppCompatButton: android.content.res.ColorStateList getSupportBackgroundTintList()
android.support.v7.widget.AppCompatButton: void setSupportBackgroundTintMode(android.graphics.PorterDuff$Mode)
android.support.v7.widget.AppCompatButton: android.graphics.PorterDuff$Mode getSupportBackgroundTintMode()
android.support.v7.widget.AppCompatButton: void setAutoSizeTextTypeWithDefaults(int)
android.support.v7.widget.AppCompatButton: int getAutoSizeTextType()
android.support.v7.widget.AppCompatButton: int getAutoSizeStepGranularity()
android.support.v7.widget.AppCompatButton: int getAutoSizeMinTextSize()
android.support.v7.widget.AppCompatButton: int getAutoSizeMaxTextSize()
android.support.v7.widget.AppCompatButton: int[] getAutoSizeTextAvailableSizes()
android.support.v7.widget.AppCompatButton: void setSupportAllCaps(boolean)
android.support.v7.widget.AppCompatCheckBox: void setButtonDrawable(android.graphics.drawable.Drawable)
android.support.v7.widget.AppCompatCheckBox: void setButtonDrawable(int)
android.support.v7.widget.AppCompatCheckBox: int getCompoundPaddingLeft()
android.support.v7.widget.AppCompatCheckBox: void setSupportButtonTintList(android.content.res.ColorStateList)
android.support.v7.widget.AppCompatCheckBox: android.content.res.ColorStateList getSupportButtonTintList()
android.support.v7.widget.AppCompatCheckBox: void setSupportButtonTintMode(android.graphics.PorterDuff$Mode)
android.support.v7.widget.AppCompatCheckBox: android.graphics.PorterDuff$Mode getSupportButtonTintMode()
android.support.v7.widget.AppCompatCheckedTextView: void setCheckMarkDrawable(int)
android.support.v7.widget.AppCompatEditText: void setBackgroundResource(int)
android.support.v7.widget.AppCompatEditText: void setBackgroundDrawable(android.graphics.drawable.Drawable)
android.support.v7.widget.AppCompatEditText: void setSupportBackgroundTintList(android.content.res.ColorStateList)
android.support.v7.widget.AppCompatEditText: android.content.res.ColorStateList getSupportBackgroundTintList()
android.support.v7.widget.AppCompatEditText: void setSupportBackgroundTintMode(android.graphics.PorterDuff$Mode)
android.support.v7.widget.AppCompatEditText: android.graphics.PorterDuff$Mode getSupportBackgroundTintMode()