app/build/outputs/mapping/release/mapping.txt
co.easydanger.rockshambout.BartActivity -> co.easydanger.rockshambout.BartActivity:
    android.widget.TextView playerPlay -> t
    android.widget.TextView oppPlay -> u
    android.widget.TextView result -> v
    android.widget.Button playRock -> w
    android.widget.Button playPaper -> x
    android.widget.Button playSci -> y
    android.support.constraint.ConstraintLayout cl -> z
    co.easydanger.rockshambout.Roshambo[] roshambo -> m
    int d -> n
    int w -> o
    int l -> p
    int rockCount -> q
    int sciCount -> r
    int papCount -> s
    android.widget.TextView rocRecText -> A
    android.widget.TextView papRecText -> B
    android.widget.TextView sciRecText -> C
    java.lang.String opp -> D
    void <init>() -> <init>
    void onCreate(android.os.Bundle) -> onCreate
    android.widget.TextView access$000(co.easydanger.rockshambout.BartActivity) -> a
    java.lang.String access$100(co.easydanger.rockshambout.BartActivity) -> b
    android.widget.TextView access$200(co.easydanger.rockshambout.BartActivity) -> c
    android.widget.TextView access$300(co.easydanger.rockshambout.BartActivity) -> d
    android.widget.TextView access$400(co.easydanger.rockshambout.BartActivity) -> e
    android.widget.TextView access$500(co.easydanger.rockshambout.BartActivity) -> f
    android.widget.TextView access$600(co.easydanger.rockshambout.BartActivity) -> g
    void <clinit>() -> <clinit>
co.easydanger.rockshambout.BartActivity$1 -> co.easydanger.rockshambout.BartActivity$1:
    co.easydanger.rockshambout.Roshambo oppThrow -> a
    co.easydanger.rockshambout.Roshambo youThrow -> b
    co.easydanger.rockshambout.BartActivity this$0 -> c
    void <init>(co.easydanger.rockshambout.BartActivity) -> <init>
    void onClick(android.view.View) -> onClick
co.easydanger.rockshambout.BartActivity$2 -> co.easydanger.rockshambout.BartActivity$2:
    co.easydanger.rockshambout.Roshambo oppThrow -> a
    co.easydanger.rockshambout.Roshambo youThrow -> b
    co.easydanger.rockshambout.BartActivity this$0 -> c
    void <init>(co.easydanger.rockshambout.BartActivity) -> <init>
    void onClick(android.view.View) -> onClick
co.easydanger.rockshambout.BartActivity$3 -> co.easydanger.rockshambout.BartActivity$3:
    co.easydanger.rockshambout.Roshambo oppThrow -> a
    co.easydanger.rockshambout.Roshambo youThrow -> b
    co.easydanger.rockshambout.BartActivity this$0 -> c
    void <init>(co.easydanger.rockshambout.BartActivity) -> <init>
    void onClick(android.view.View) -> onClick
co.easydanger.rockshambout.ChooseActivity -> co.easydanger.rockshambout.ChooseActivity:
    android.widget.TextView playerPlay -> m
    android.widget.TextView oppPlay -> n
    android.widget.TextView result -> o
    android.widget.Button bartOpp -> p
    android.widget.Button dannyOpp -> q
    android.widget.Button hannahOpp -> r
    android.support.constraint.ConstraintLayout cl -> s
    void <init>() -> <init>
    void onCreate(android.os.Bundle) -> onCreate
co.easydanger.rockshambout.ChooseActivity$1 -> co.easydanger.rockshambout.ChooseActivity$1:
    co.easydanger.rockshambout.ChooseActivity this$0 -> a
    void <init>(co.easydanger.rockshambout.ChooseActivity) -> <init>
    void onClick(android.view.View) -> onClick
co.easydanger.rockshambout.ChooseActivity$2 -> co.easydanger.rockshambout.ChooseActivity$2:
    co.easydanger.rockshambout.ChooseActivity this$0 -> a
    void <init>(co.easydanger.rockshambout.ChooseActivity) -> <init>
    void onClick(android.view.View) -> onClick
co.easydanger.rockshambout.ChooseActivity$3 -> co.easydanger.rockshambout.ChooseActivity$3:
    co.easydanger.rockshambout.ChooseActivity this$0 -> a
    void <init>(co.easydanger.rockshambout.ChooseActivity) -> <init>
    void onClick(android.view.View) -> onClick
...
android.support.v7.widget.ActionBarContainer -> android.support.v7.widget.ActionBarContainer:
    boolean mIsTransitioning -> f
    android.view.View mTabContainer -> g
    android.view.View mActionBarView -> h
    android.view.View mContextView -> i
    android.graphics.drawable.Drawable mBackground -> a
    android.graphics.drawable.Drawable mStackedBackground -> b
    android.graphics.drawable.Drawable mSplitBackground -> c
    boolean mIsSplit -> d
    boolean mIsStacked -> e
    int mHeight -> j
    void <init>(android.content.Context) -> <init>
    void <init>(android.content.Context,android.util.AttributeSet) -> <init>
    void onFinishInflate() -> onFinishInflate
    void setPrimaryBackground(android.graphics.drawable.Drawable) -> setPrimaryBackground
    void setStackedBackground(android.graphics.drawable.Drawable) -> setStackedBackground
    void setSplitBackground(android.graphics.drawable.Drawable) -> setSplitBackground
    void setVisibility(int) -> setVisibility
    boolean verifyDrawable(android.graphics.drawable.Drawable) -> verifyDrawable
    void drawableStateChanged() -> drawableStateChanged
    void jumpDrawablesToCurrentState() -> jumpDrawablesToCurrentState
    void setTransitioning(boolean) -> setTransitioning
    boolean onInterceptTouchEvent(android.view.MotionEvent) -> onInterceptTouchEvent
    boolean onTouchEvent(android.view.MotionEvent) -> onTouchEvent
    boolean onHoverEvent(android.view.MotionEvent) -> onHoverEvent
android.support.v7.widget.ActionBarContextView -> android.support.v7.widget.ActionBarContextView:
    java.lang.CharSequence mTitle -> h
    java.lang.CharSequence mSubtitle -> i
    android.view.View mClose -> j
    android.view.View mCustomView -> k
    android.widget.LinearLayout mTitleLayout -> l
    android.widget.TextView mTitleView -> m
    android.widget.TextView mSubtitleView -> n
    int mTitleStyleRes -> o
    int mSubtitleStyleRes -> p
    boolean mTitleOptional -> g
    int mCloseItemLayout -> q
    void <init>(android.content.Context) -> <init>
    void <init>(android.content.Context,android.util.AttributeSet) -> <init>
    void <init>(android.content.Context,android.util.AttributeSet,int) -> <init>
    void onDetachedFromWindow() -> onDetachedFromWindow
    void setContentHeight(int) -> setContentHeight
    void setCustomView(android.view.View) -> setCustomView
    void setTitle(java.lang.CharSequence) -> setTitle
    void setSubtitle(java.lang.CharSequence) -> setSubtitle
    java.lang.CharSequence getTitle() -> getTitle
    java.lang.CharSequence getSubtitle() -> getSubtitle
    void initTitle() -> d
    void initForMode(android.support.v7.view.ActionMode) -> a
    void closeMode() -> b
    void killMode() -> c
    boolean showOverflowMenu() -> a
    android.view.ViewGroup$LayoutParams generateDefaultLayoutParams() -> generateDefaultLayoutParams
    android.view.ViewGroup$LayoutParams generateLayoutParams(android.util.AttributeSet) -> generateLayoutParams
android.support.v7.widget.ActionBarContextView$1 -> android.support.v7.widget.ActionBarContextView$1:
    android.support.v7.view.ActionMode val$mode -> a
    android.support.v7.widget.ActionBarContextView this$0 -> b
    void <init>(android.support.v7.widget.ActionBarContextView,android.support.v7.view.ActionMode) -> <init>
    void onClick(android.view.View) -> onClick