app/build/outputs/mapping/release/usage.txt
co.easydanger.rockshambout.Bart:
    java.lang.String name
    private static co.easydanger.rockshambout.Roshambo fir
    private static co.easydanger.rockshambout.Roshambo sec
    private static co.easydanger.rockshambout.Roshambo thi
    private static co.easydanger.rockshambout.Roshambo fou
    private static co.easydanger.rockshambout.Roshambo fif
    private static co.easydanger.rockshambout.Roshambo six
    private static co.easydanger.rockshambout.Roshambo sev
    20:20:public co.easydanger.rockshambout.Roshambo generateRoshambo(co.easydanger.rockshambout.Roshambo)
    28:29:public Bart(java.lang.String)
    31:33:public Bart()
co.easydanger.rockshambout.BuildConfig
co.easydanger.rockshambout.Danny:
    java.lang.String name
    30:31:public Danny(java.lang.String)
    34:34:public co.easydanger.rockshambout.Roshambo generateRoshambo(co.easydanger.rockshambout.Roshambo)
    37:39:public Danny()
co.easydanger.rockshambout.Hannah:
    java.lang.String name
    3:3:public Hannah()
    13:13:public co.easydanger.rockshambout.Roshambo generateRoshambo(co.easydanger.rockshambout.Roshambo)
co.easydanger.rockshambout.Player:
    final java.lang.String name
    8:10:public Player()
    11:13:public Player(java.lang.String)
    16:16:public java.lang.String getName()
    public abstract co.easydanger.rockshambout.Roshambo generateRoshambo(co.easydanger.rockshambout.Roshambo)
co.easydanger.rockshambout.R
co.easydanger.rockshambout.R$anim
co.easydanger.rockshambout.R$attr
co.easydanger.rockshambout.R$bool
co.easydanger.rockshambout.R$color
co.easydanger.rockshambout.R$dimen
co.easydanger.rockshambout.R$drawable
co.easydanger.rockshambout.R$id
co.easydanger.rockshambout.R$integer
co.easydanger.rockshambout.R$layout
co.easydanger.rockshambout.R$mipmap
co.easydanger.rockshambout.R$string
co.easydanger.rockshambout.R$style
co.easydanger.rockshambout.R$styleable
co.easydanger.rockshambout.Vali:
    12:12:public Vali()
...
android.arch.core.BuildConfig
android.arch.core.R
android.arch.core.executor.ArchTaskExecutor:
    91:92:public void setDelegate(android.arch.core.executor.TaskExecutor)
    106:106:public static java.util.concurrent.Executor getMainThreadExecutor()
    111:111:public static java.util.concurrent.Executor getIOThreadExecutor()
android.arch.core.executor.TaskExecutor:
    54:59:public void executeOnMainThread(java.lang.Runnable)
android.arch.core.util.Function
android.arch.lifecycle.AndroidViewModel:
    private android.app.Application mApplication
    33:35:public AndroidViewModel(android.app.Application)
    44:44:public android.app.Application getApplication()
android.arch.lifecycle.BuildConfig
android.arch.lifecycle.ClassesInfoCache:
    private static final int CALL_TYPE_NO_ARG
    private static final int CALL_TYPE_PROVIDER
    private static final int CALL_TYPE_PROVIDER_WITH_EVENT
android.arch.lifecycle.LifecycleRegistry:
    private static final java.lang.String LOG_TAG
    225:225:public int getObserverCount()
android.arch.lifecycle.Lifecycling:
    private static final int REFLECTIVE_CALLBACK
    private static final int GENERATED_CALLBACK
    37:37:public Lifecycling()
android.arch.lifecycle.LiveData:
    private final java.lang.Object mDataLock
    static final int START_VERSION
    private volatile java.lang.Object mPendingData
    private final java.lang.Runnable mPostValueRunnable
    59:421:public LiveData()
    198:208:public void observeForever(android.arch.lifecycle.Observer)
    234:240:public void removeObservers(android.arch.lifecycle.LifecycleOwner)
    259:267:protected void postValue(java.lang.Object)
    279:283:protected void setValue(java.lang.Object)
    303:303:int getVersion()
    336:336:public boolean hasObservers()
    59:59:static synthetic java.lang.Object access$000(android.arch.lifecycle.LiveData)
    59:59:static synthetic java.lang.Object access$100(android.arch.lifecycle.LiveData)
    59:59:static synthetic java.lang.Object access$102(android.arch.lifecycle.LiveData,java.lang.Object)
    59:59:static synthetic java.lang.Object access$200()
android.arch.lifecycle.LiveData$1
android.arch.lifecycle.LiveData$AlwaysActiveObserver
android.arch.lifecycle.MethodCallsLogger:
    36:40:public boolean approveCall(java.lang.String,int)
android.arch.lifecycle.MutableLiveData:
    25:25:public MutableLiveData()
    28:29:public void postValue(java.lang.Object)
    33:34:public void setValue(java.lang.Object)
android.arch.lifecycle.R
android.arch.lifecycle.ReportFragment:
    private static final java.lang.String REPORT_FRAGMENT_TAG
    46:46:static android.arch.lifecycle.ReportFragment get(android.app.Activity)
    127:128:void setProcessListener(android.arch.lifecycle.ReportFragment$ActivityInitializationListener)
android.arch.lifecycle.ViewModelProvider:
    private static final java.lang.String DEFAULT_KEY
    private final android.arch.lifecycle.ViewModelProvider$Factory mFactory
    private final android.arch.lifecycle.ViewModelStore mViewModelStore
    66:67:public ViewModelProvider(android.arch.lifecycle.ViewModelStoreOwner,android.arch.lifecycle.ViewModelProvider$Factory)
    77:80:public ViewModelProvider(android.arch.lifecycle.ViewModelStore,android.arch.lifecycle.ViewModelProvider$Factory)
    97:101:public android.arch.lifecycle.ViewModel get(java.lang.Class)
    121:136:public android.arch.lifecycle.ViewModel get(java.lang.String,java.lang.Class)
android.arch.lifecycle.ViewModelProvider$AndroidViewModelFactory
android.arch.lifecycle.ViewModelProvider$Factory:
    public abstract android.arch.lifecycle.ViewModel create(java.lang.Class)
android.arch.lifecycle.ViewModelProvider$NewInstanceFactory
android.arch.lifecycle.ViewModelStore:
    41:46:final void put(java.lang.String,android.arch.lifecycle.ViewModel)
    49:49:final android.arch.lifecycle.ViewModel get(java.lang.String)
android.arch.lifecycle.ViewModelStoreOwner
android.arch.lifecycle.livedata.core.BuildConfig